<?xml version="1.0" encoding="UTF-8"?>
<!-- Generated by org.testng.reporters.JUnitReportReporter -->
<testsuite hostname="LAPTOP-D2BFLFER" failures="0" tests="1" name="api.ForeignExchangeApiTest" time="1.337" errors="0" timestamp="20 8æœˆ 2019 07:15:38 GMT" skipped="0">
  <testcase classname="api.ForeignExchangeApiTest" name="depositAccountEnquiryAccountDetailsGet" time="1.337"/>
</testsuite> <!-- api.ForeignExchangeApiTest -->
