<?xml version="1.0" encoding="UTF-8"?>
<!-- Generated by org.testng.reporters.JUnitReportReporter -->
<testsuite hostname="LAPTOP-D2BFLFER" failures="0" tests="19" name="api.CreditCardApiTest" time="9.853" errors="0" timestamp="25 Jul 2019 07:31:03 GMT">
  <testcase classname="api.CreditCardApiTest" name="creditCardTransactiontTransactionPostingPost" time="0.460"/>
  <testcase classname="api.CreditCardApiTest" name="vpointMerchantCategoryPost" time="0.115"/>
  <testcase classname="api.CreditCardApiTest" name="creditCardLimitIncreasePost" time="0.307"/>
  <testcase classname="api.CreditCardApiTest" name="merchantMerchantEnquiryGet" time="0.220"/>
  <testcase classname="api.CreditCardApiTest" name="creditCardPaymentOutstandingPaymentPost" time="0.941"/>
  <testcase classname="api.CreditCardApiTest" name="creditCardLossReportingPost" time="0.715"/>
  <testcase classname="api.CreditCardApiTest" name="creditCardNumberValidationPost" time="0.154"/>
  <testcase classname="api.CreditCardApiTest" name="vpointNumberPost" time="0.089"/>
  <testcase classname="api.CreditCardApiTest" name="creditCardPaymentProductEnquiryPost" time="0.419"/>
  <testcase classname="api.CreditCardApiTest" name="merchantTransactionsPost" time="0.200"/>
  <testcase classname="api.CreditCardApiTest" name="creditCardCreditLimitDetailsPost" time="0.718"/>
  <testcase classname="api.CreditCardApiTest" name="creditCardCanCellationPost" time="0.919"/>
  <testcase classname="api.CreditCardApiTest" name="creditCardPaymentRedemptionHistoryPost" time="0.312"/>
  <testcase classname="api.CreditCardApiTest" name="creditCardPaymentCreditCardRepeymentPost" time="0.767"/>
  <testcase classname="api.CreditCardApiTest" name="creditCardPaymentTotalPointPost" time="0.306"/>
  <testcase classname="api.CreditCardApiTest" name="creditCardTransactiontRansactionDetailsPost" time="0.347"/>
  <testcase classname="api.CreditCardApiTest" name="creditCardLimitDecreasePost" time="0.306"/>
  <testcase classname="api.CreditCardApiTest" name="creditCardPaymentRedemptionPost" time="0.377"/>
  <testcase classname="api.CreditCardApiTest" name="creditCardAccountOpeningPost" time="2.181"/>
</testsuite> <!-- api.CreditCardApiTest -->
